c:\users\bisra\3d-classroom-opengl\x64\debug\vc142.pdb
c:\users\bisra\3d-classroom-opengl\x64\debug\vc142.idb
c:\users\bisra\3d-classroom-opengl\x64\debug\cmakecxxcompilerid.obj
c:\users\bisra\3d-classroom-opengl\x64\debug\window.obj
c:\users\bisra\3d-classroom-opengl\x64\debug\main.obj
c:\users\bisra\3d-classroom-opengl\x64\debug\cmakeccompilerid.obj
c:\users\bisra\3d-classroom-opengl\x64\debug\table.obj
c:\users\bisra\3d-classroom-opengl\x64\debug\snowman.obj
c:\users\bisra\3d-classroom-opengl\x64\debug\shelf.obj
c:\users\bisra\3d-classroom-opengl\x64\debug\fan.obj
c:\users\bisra\3d-classroom-opengl\x64\debug\cupboard.obj
c:\users\bisra\3d-classroom-opengl\x64\debug\chair.obj
c:\users\bisra\3d-classroom-opengl\x64\debug\classroom.obj
c:\users\bisra\3d-classroom-opengl\x64\debug\3d-classroom-opengl.pdb
c:\users\bisra\3d-classroom-opengl\x64\debug\3d-class.3f0dcdd0.tlog\cl.command.1.tlog
c:\users\bisra\3d-classroom-opengl\x64\debug\3d-class.3f0dcdd0.tlog\cl.read.1.tlog
c:\users\bisra\3d-classroom-opengl\x64\debug\3d-class.3f0dcdd0.tlog\cl.write.1.tlog
c:\users\bisra\3d-classroom-opengl\x64\debug\3d-class.3f0dcdd0.tlog\link-cvtres.read.1.tlog
c:\users\bisra\3d-classroom-opengl\x64\debug\3d-class.3f0dcdd0.tlog\link-cvtres.write.1.tlog
c:\users\bisra\3d-classroom-opengl\x64\debug\3d-class.3f0dcdd0.tlog\link-rc.read.1.tlog
c:\users\bisra\3d-classroom-opengl\x64\debug\3d-class.3f0dcdd0.tlog\link-rc.write.1.tlog
c:\users\bisra\3d-classroom-opengl\x64\debug\3d-class.3f0dcdd0.tlog\link.command.1.tlog
c:\users\bisra\3d-classroom-opengl\x64\debug\3d-class.3f0dcdd0.tlog\link.read.1.tlog
c:\users\bisra\3d-classroom-opengl\x64\debug\3d-class.3f0dcdd0.tlog\link.write.1.tlog
